Executing with params:
Array
(
    [:title] => COOP
    [:description] => SASASAS
    [:start_datetime] => 2025-06-09 00:00:00
    [:end_datetime] => 2025-06-10 23:59:00
    [:target_position] => coop
    [:target_department] => All
    [:allowed_colleges] => All
    [:allowed_courses] => All
    [:allowed_status] => MIGS
    [:allowed_departments] => 
    [:realtime_results] => 0
    [:election_id] => 145
)

Update successful for election 145
Executing with params:
Array
(
    [:title] => CEIT ELECTION
    [:description] => 
    [:start_datetime] => 2025-06-09 00:00:00
    [:end_datetime] => 2025-06-10 23:59:00
    [:target_position] => student
    [:target_department] => Students
    [:allowed_colleges] => CEIT
    [:allowed_courses] => BSCS,BSIT,BSCpE,BSECE,BSCE,BSME,BSEE,BSIE,BSArch
    [:allowed_status] => 
    [:allowed_departments] => 
    [:realtime_results] => 0
    [:election_id] => 147
)

Update successful for election 147
Executing with params:
Array
(
    [:title] => CEIT
    [:description] => JHJHJHH
    [:start_datetime] => 2025-10-10 00:00:00
    [:end_datetime] => 2025-10-12 23:59:00
    [:target_position] => student
    [:target_department] => Students
    [:allowed_colleges] => CEIT
    [:allowed_courses] => BSIT
    [:allowed_status] => 
    [:allowed_departments] => 
    [:realtime_results] => 0
    [:election_id] => 148
)

Update successful for election 148
Executing with params:
Array
(
    [:title] => CEIT
    [:description] => JHJHJHH
    [:start_datetime] => 2025-06-10 00:00:00
    [:end_datetime] => 2025-06-12 23:59:00
    [:target_position] => student
    [:target_department] => Students
    [:allowed_colleges] => CEIT
    [:allowed_courses] => BSIT
    [:allowed_status] => 
    [:allowed_departments] => 
    [:realtime_results] => 0
    [:election_id] => 148
)

Update successful for election 148
Executing with params:
Array
(
    [:title] => cspear
    [:description] => hkjhj
    [:start_datetime] => 2025-06-08 00:00:00
    [:end_datetime] => 2025-06-11 23:59:00
    [:target_position] => faculty
    [:target_department] => Faculty
    [:allowed_colleges] => CSPEAR
    [:allowed_courses] => BPE
    [:allowed_status] => Regular
    [:allowed_departments] => 
    [:realtime_results] => 0
    [:election_id] => 149
)

Update successful for election 149
Executing with params:
Array
(
    [:title] => cspear
    [:description] => hkjhj
    [:start_datetime] => 2025-06-08 00:00:00
    [:end_datetime] => 2025-06-08 23:59:00
    [:target_position] => faculty
    [:target_department] => Faculty
    [:allowed_colleges] => CSPEAR
    [:allowed_courses] => BPE
    [:allowed_status] => Regular
    [:allowed_departments] => 
    [:realtime_results] => 0
    [:election_id] => 149
)

Update successful for election 149
Executing with params:
Array
(
    [:title] => cspear
    [:description] => hkjhj
    [:start_datetime] => 2025-06-11 00:00:00
    [:end_datetime] => 2025-06-11 23:59:00
    [:target_position] => faculty
    [:target_department] => Faculty
    [:allowed_colleges] => CSPEAR
    [:allowed_courses] => BPE
    [:allowed_status] => Regular
    [:allowed_departments] => 
    [:realtime_results] => 0
    [:election_id] => 149
)

Update successful for election 149
Executing with params:
Array
(
    [:title] => Dummy Election update
    [:description] => try
    [:start_datetime] => 2025-06-11 01:00:00
    [:end_datetime] => 2025-06-12 23:59:00
    [:target_position] => coop
    [:target_department] => All
    [:allowed_colleges] => All
    [:allowed_courses] => All
    [:allowed_status] => MIGS
    [:allowed_departments] => 
    [:realtime_results] => 0
    [:election_id] => 150
)

Update successful for election 150
Executing with params:
Array
(
    [:title] => hatdog
    [:description] => hkjhj
    [:start_datetime] => 2025-06-11 00:00:00
    [:end_datetime] => 2025-06-11 23:59:00
    [:target_position] => faculty
    [:target_department] => Faculty
    [:allowed_colleges] => CSPEAR
    [:allowed_courses] => BPE
    [:allowed_status] => Regular
    [:allowed_departments] => 
    [:realtime_results] => 0
    [:election_id] => 149
)

Update successful for election 149
Executing with params:
Array
(
    [:title] => new
    [:description] => hkjhj
    [:start_datetime] => 2025-08-07 00:00:00
    [:end_datetime] => 2025-08-08 23:59:00
    [:target_position] => faculty
    [:target_department] => Faculty
    [:allowed_colleges] => CSPEAR
    [:allowed_courses] => BPE,BSESS
    [:allowed_status] => Regular
    [:allowed_departments] => 
    [:realtime_results] => 0
    [:election_id] => 149
)

Update successful for election 149
Executing with params:
Array
(
    [:title] => sad
    [:description] => sas
    [:start_datetime] => 2025-08-08 00:00:00
    [:end_datetime] => 2025-11-11 23:59:00
    [:target_position] => faculty
    [:target_department] => Faculty
    [:allowed_colleges] => All
    [:allowed_courses] => 
    [:allowed_status] => Regular,Part-time,Contractual
    [:allowed_departments] => 
    [:realtime_results] => 0
    [:election_id] => 155
)

Update successful for election 155
Executing with params:
Array
(
    [:title] => asas
    [:description] => sasas
    [:start_datetime] => 1111-11-11 00:00:00
    [:end_datetime] => 1111-11-11 23:59:00
    [:target_position] => student
    [:target_department] => Students
    [:allowed_colleges] => CEIT
    [:allowed_courses] => BSCS,BSIT,BSCpE,BSECE,BSCE,BSME,BSEE,BSIE,BSArch
    [:allowed_status] => 
    [:allowed_departments] => 
    [:realtime_results] => 0
    [:election_id] => 152
)

Update successful for election 152
Executing with params:
Array
(
    [:title] => asas
    [:description] => sasas
    [:start_datetime] => 1111-11-11 00:00:00
    [:end_datetime] => 1111-11-11 23:59:00
    [:target_position] => student
    [:target_department] => Students
    [:allowed_colleges] => CEIT
    [:allowed_courses] => BSCS,BSIT,BSCpE,BSECE,BSCE,BSME,BSEE,BSIE,BSArch
    [:allowed_status] => 
    [:allowed_departments] => 
    [:realtime_results] => 0
    [:election_id] => 152
)

Update failed but changes detected:
Array
(
    [:election_id] => 152
)

Executing with params:
Array
(
    [:title] => wow
    [:description] => sasas
    [:start_datetime] => 2025-08-12 10:00:00
    [:end_datetime] => 2026-08-12 18:00:00
    [:target_position] => coop
    [:target_department] => All
    [:allowed_colleges] => All
    [:allowed_courses] => All
    [:allowed_status] => MIGS
    [:allowed_departments] => 
    [:realtime_results] => 0
    [:election_id] => 184
)

Update successful for election 184
Executing with params:
Array
(
    [:title] => wow
    [:description] => sasas
    [:start_datetime] => 2025-08-12 10:00:00
    [:end_datetime] => 2026-08-12 18:00:00
    [:target_position] => coop
    [:target_department] => All
    [:allowed_colleges] => All
    [:allowed_courses] => All
    [:allowed_status] => MIGS
    [:allowed_departments] => 
    [:realtime_results] => 0
    [:election_id] => 184
)

Update failed but changes detected:
Array
(
    [:election_id] => 184
)

Executing with params:
Array
(
    [:title] => wow
    [:description] => sasas
    [:start_datetime] => 2025-08-12 00:00:00
    [:end_datetime] => 2026-08-12 18:00:00
    [:target_position] => coop
    [:target_department] => All
    [:allowed_colleges] => All
    [:allowed_courses] => All
    [:allowed_status] => MIGS
    [:allowed_departments] => 
    [:realtime_results] => 0
    [:election_id] => 184
)

Update successful for election 184
Executing with params:
Array
(
    [:title] => wow
    [:description] => sasas
    [:start_datetime] => 2025-08-12 00:00:00
    [:end_datetime] => 2026-08-12 18:00:00
    [:target_position] => coop
    [:target_department] => All
    [:allowed_colleges] => All
    [:allowed_courses] => All
    [:allowed_status] => MIGS
    [:allowed_departments] => 
    [:realtime_results] => 0
    [:logo_path] => 
    [:election_id] => 184
)

Update failed but changes detected:
Array
(
    [:election_id] => 184
)

Executing with params:
Array
(
    [:title] => wow
    [:description] => sasas
    [:start_datetime] => 2025-08-12 00:00:00
    [:end_datetime] => 2026-08-12 18:00:00
    [:target_position] => coop
    [:target_department] => All
    [:allowed_colleges] => All
    [:allowed_courses] => All
    [:allowed_status] => MIGS
    [:allowed_departments] => 
    [:realtime_results] => 0
    [:logo_path] => 
    [:election_id] => 184
)

Update failed but changes detected:
Array
(
    [:election_id] => 184
)

Executing with params:
Array
(
    [:title] => wow
    [:description] => sasas
    [:start_datetime] => 2025-08-12 00:00:00
    [:end_datetime] => 2026-08-13 18:00:00
    [:target_position] => coop
    [:target_department] => All
    [:allowed_colleges] => All
    [:allowed_courses] => All
    [:allowed_status] => MIGS
    [:allowed_departments] => 
    [:realtime_results] => 0
    [:logo_path] => 
    [:election_id] => 184
)

Update successful for election 184
Executing with params:
Array
(
    [:title] => wow
    [:description] => sasas
    [:start_datetime] => 2025-08-12 00:00:00
    [:end_datetime] => 2026-08-13 18:00:00
    [:target_position] => non-academic
    [:target_department] => All
    [:allowed_colleges] => All
    [:allowed_courses] => All
    [:allowed_status] => Regular
    [:allowed_departments] => 
    [:realtime_results] => 0
    [:logo_path] => 
    [:election_id] => 184
)

Update successful for election 184
Executing with params:
Array
(
    [:title] => wow
    [:description] => sasas
    [:start_datetime] => 2025-08-12 00:00:00
    [:end_datetime] => 2026-08-13 18:00:00
    [:target_position] => student
    [:target_department] => Students
    [:allowed_colleges] => all
    [:allowed_courses] => 
    [:allowed_status] => 
    [:allowed_departments] => 
    [:realtime_results] => 0
    [:logo_path] => uploads/logos/1754914516_prof.jpg
    [:election_id] => 184
)

Update successful for election 184
Executing with params:
Array
(
    [:title] => wow nc
    [:description] => sasas
    [:start_datetime] => 2025-08-12 00:00:00
    [:end_datetime] => 2026-08-13 18:00:00
    [:target_position] => student
    [:target_department] => Students
    [:allowed_colleges] => all
    [:allowed_courses] => 
    [:allowed_status] => 
    [:allowed_departments] => 
    [:realtime_results] => 0
    [:logo_path] => uploads/logos/1754914516_prof.jpg
    [:election_id] => 184
)

Update successful for election 184
Executing with params:
Array
(
    [:title] => last na
    [:description] => sasasas
    [:start_datetime] => 2025-08-12 11:11:00
    [:end_datetime] => 2025-08-12 23:11:00
    [:target_position] => coop
    [:target_department] => All
    [:allowed_colleges] => All
    [:allowed_courses] => All
    [:allowed_status] => MIGS
    [:allowed_departments] => 
    [:realtime_results] => 0
    [:logo_path] => uploads/logos/1754915127_NESCAFE Banner.jpg
    [:election_id] => 182
)

Update successful for election 182
Executing with params:
Array
(
    [:title] => wow nc
    [:description] => sasas
    [:start_datetime] => 2025-08-12 00:00:00
    [:end_datetime] => 2026-08-13 18:00:00
    [:target_position] => faculty
    [:target_department] => Faculty
    [:allowed_colleges] => all
    [:allowed_courses] => 
    [:allowed_status] => Regular
    [:allowed_departments] => 
    [:realtime_results] => 0
    [:logo_path] => uploads/logos/1754914516_prof.jpg
    [:election_id] => 184
)

Update successful for election 184
Executing with params:
Array
(
    [:title] => wow nc
    [:description] => sasas
    [:start_datetime] => 2025-08-12 00:00:00
    [:end_datetime] => 2026-08-13 18:00:00
    [:target_position] => faculty
    [:target_department] => Faculty
    [:allowed_colleges] => GS-OLC
    [:allowed_courses] => MS
    [:allowed_status] => Regular
    [:allowed_departments] => 
    [:realtime_results] => 0
    [:logo_path] => uploads/logos/1754914516_prof.jpg
    [:election_id] => 184
)

Update successful for election 184
Executing with params:
Array
(
    [:title] => tryyyyyyyyyyyyy
    [:description] => sasas
    [:start_datetime] => 2025-08-11 00:00:00
    [:end_datetime] => 2025-08-11 23:59:00
    [:target_position] => faculty
    [:target_department] => Faculty
    [:allowed_colleges] => all
    [:allowed_courses] => 
    [:allowed_status] => Part-time
    [:allowed_departments] => 
    [:realtime_results] => 0
    [:logo_path] => uploads/logos/1754893674_prof.jpg
    [:election_id] => 159
)

Update successful for election 159
Executing with params:
Array
(
    [:title] => tryyyyyyyyyyyyy
    [:description] => sasas
    [:start_datetime] => 2025-08-11 00:00:00
    [:end_datetime] => 2025-08-11 23:59:00
    [:target_position] => faculty
    [:target_department] => Faculty
    [:allowed_colleges] => CTHM
    [:allowed_courses] => BSTM
    [:allowed_status] => Part-time
    [:allowed_departments] => 
    [:realtime_results] => 0
    [:logo_path] => uploads/logos/1754893674_prof.jpg
    [:election_id] => 159
)

Update successful for election 159
Executing with params:
Array
(
    [:title] => last na
    [:description] => sasasas
    [:start_datetime] => 2025-08-12 11:11:00
    [:end_datetime] => 2025-08-12 23:11:00
    [:target_position] => student
    [:target_department] => Students
    [:allowed_colleges] => CTHM
    [:allowed_courses] => BSTM
    [:allowed_status] => 
    [:allowed_departments] => 
    [:realtime_results] => 0
    [:logo_path] => uploads/logos/1754915127_NESCAFE Banner.jpg
    [:election_id] => 182
)

Update successful for election 182
Executing with params:
Array
(
    [:title] => wow nc
    [:description] => sasas
    [:start_datetime] => 2025-08-12 00:00:00
    [:end_datetime] => 2026-08-13 18:00:00
    [:target_position] => faculty
    [:target_department] => Faculty
    [:allowed_colleges] => GS-OLC
    [:allowed_courses] => PhD,MS
    [:allowed_status] => Regular
    [:allowed_departments] => 
    [:realtime_results] => 0
    [:logo_path] => uploads/logos/1754914516_prof.jpg
    [:election_id] => 184
)

Update successful for election 184
Executing with params:
Array
(
    [:title] => wow nc
    [:description] => sasas
    [:start_datetime] => 2025-08-12 00:00:00
    [:end_datetime] => 2026-08-13 18:00:00
    [:target_position] => non-academic
    [:target_department] => All
    [:allowed_colleges] => SECURITY
    [:allowed_courses] => All
    [:allowed_status] => Part-time
    [:allowed_departments] => 
    [:realtime_results] => 0
    [:logo_path] => uploads/logos/1754914516_prof.jpg
    [:election_id] => 184
)

Update successful for election 184
Executing with params:
Array
(
    [:title] => wow nc
    [:description] => sasas
    [:start_datetime] => 2025-08-12 00:00:00
    [:end_datetime] => 2026-08-13 18:00:00
    [:target_position] => non-academic
    [:target_department] => All
    [:allowed_colleges] => All
    [:allowed_courses] => All
    [:allowed_status] => Part-time
    [:allowed_departments] => 
    [:realtime_results] => 0
    [:logo_path] => uploads/logos/1754914516_prof.jpg
    [:election_id] => 184
)

Update successful for election 184
Executing with params:
Array
(
    [:title] => wow nc
    [:description] => sasas
    [:start_datetime] => 2025-08-12 00:00:00
    [:end_datetime] => 2026-08-13 18:00:00
    [:target_position] => non-academic
    [:target_department] => All
    [:allowed_colleges] => MAINTENANCE
    [:allowed_courses] => All
    [:allowed_status] => Regular
    [:allowed_departments] => 
    [:realtime_results] => 0
    [:logo_path] => uploads/logos/1754914516_prof.jpg
    [:election_id] => 184
)

Update successful for election 184
Executing with params:
Array
(
    [:title] => wow nc
    [:description] => sasas
    [:start_datetime] => 2025-08-12 00:00:00
    [:end_datetime] => 2026-08-13 18:00:00
    [:target_position] => coop
    [:target_department] => All
    [:allowed_colleges] => All
    [:allowed_courses] => All
    [:allowed_status] => MIGS
    [:allowed_departments] => 
    [:realtime_results] => 0
    [:logo_path] => uploads/logos/1754914516_prof.jpg
    [:election_id] => 184
)

Update successful for election 184
Executing with params:
Array
(
    [:title] => ll
    [:description] => lklk
    [:start_datetime] => 2025-08-12 11:11:00
    [:end_datetime] => 2025-08-12 23:11:00
    [:target_position] => non-academic
    [:target_department] => All
    [:allowed_colleges] => LIBRARY
    [:allowed_courses] => All
    [:allowed_status] => Part-time
    [:allowed_departments] => 
    [:realtime_results] => 0
    [:logo_path] => 
    [:election_id] => 185
)

Update successful for election 185
Executing with params:
Array
(
    [:title] => ll
    [:description] => lklk
    [:start_datetime] => 2025-08-12 11:11:00
    [:end_datetime] => 2025-08-12 23:11:00
    [:target_position] => non-academic
    [:target_department] => All
    [:allowed_colleges] => IT
    [:allowed_courses] => All
    [:allowed_status] => Part-time
    [:allowed_departments] => 
    [:realtime_results] => 0
    [:logo_path] => 
    [:election_id] => 185
)

Update successful for election 185
Executing with params:
Array
(
    [:title] => ll
    [:description] => lklk
    [:start_datetime] => 2025-08-12 11:11:00
    [:end_datetime] => 2025-08-12 23:11:00
    [:target_position] => non-academic
    [:target_department] => All
    [:allowed_colleges] => All
    [:allowed_courses] => All
    [:allowed_status] => Part-time
    [:allowed_departments] => IT
    [:realtime_results] => 0
    [:logo_path] => 
    [:election_id] => 185
)

Update successful for election 185
Executing with params:
Array
(
    [:title] => ll
    [:description] => lklk
    [:start_datetime] => 2025-08-12 11:11:00
    [:end_datetime] => 2025-08-12 23:11:00
    [:target_position] => non-academic
    [:target_department] => All
    [:allowed_colleges] => All
    [:allowed_courses] => All
    [:allowed_status] => Part-time
    [:allowed_departments] => MAINTENANCE
    [:realtime_results] => 0
    [:logo_path] => 
    [:election_id] => 185
)

Update successful for election 185
Executing with params:
Array
(
    [:title] => ll
    [:description] => lklk
    [:start_datetime] => 2025-08-12 11:11:00
    [:end_datetime] => 2025-08-12 23:11:00
    [:target_position] => non-academic
    [:target_department] => All
    [:allowed_colleges] => All
    [:allowed_courses] => All
    [:allowed_status] => Part-time
    [:allowed_departments] => LIBRARY
    [:realtime_results] => 0
    [:logo_path] => 
    [:election_id] => 185
)

Update successful for election 185
Executing with params:
Array
(
    [:title] => ll
    [:description] => lklk
    [:start_datetime] => 2025-08-12 11:11:00
    [:end_datetime] => 2025-08-12 23:11:00
    [:target_position] => non-academic
    [:target_department] => All
    [:allowed_colleges] => All
    [:allowed_courses] => All
    [:allowed_status] => Part-time
    [:allowed_departments] => All
    [:realtime_results] => 0
    [:logo_path] => 
    [:election_id] => 185
)

Update successful for election 185
Executing with params:
Array
(
    [:title] => sas
    [:description] => sas1
    [:start_datetime] => 1111-11-11 00:00:00
    [:end_datetime] => 1111-11-11 23:59:00
    [:target_position] => non-academic
    [:target_department] => All
    [:allowed_colleges] => All
    [:allowed_courses] => All
    [:allowed_status] => Contractual
    [:allowed_departments] => MAINTENANCE
    [:realtime_results] => 0
    [:logo_path] => uploads/logos/1754650119_FIRE.jpeg
    [:election_id] => 158
)

Update successful for election 158
Executing with params:
Array
(
    [:title] => sas
    [:description] => sas1
    [:start_datetime] => 1111-11-11 00:00:00
    [:end_datetime] => 1111-11-11 23:59:00
    [:target_position] => non-academic
    [:target_department] => All
    [:allowed_colleges] => All
    [:allowed_courses] => All
    [:allowed_status] => Regular
    [:allowed_departments] => HR
    [:realtime_results] => 0
    [:logo_path] => uploads/logos/1754650119_FIRE.jpeg
    [:election_id] => 158
)

Update successful for election 158
Executing with params:
Array
(
    [:title] => sas
    [:description] => sas1
    [:start_datetime] => 1111-11-11 00:00:00
    [:end_datetime] => 1111-11-11 23:59:00
    [:target_position] => non-academic
    [:target_department] => All
    [:allowed_colleges] => All
    [:allowed_courses] => All
    [:allowed_status] => Part-time
    [:allowed_departments] => MAINTENANCE
    [:realtime_results] => 0
    [:logo_path] => uploads/logos/1754650119_FIRE.jpeg
    [:election_id] => 158
)

Update successful for election 158
Executing with params:
Array
(
    [:title] => tryyyyyyyyyyyyy
    [:description] => sasas
    [:start_datetime] => 2025-08-11 00:00:00
    [:end_datetime] => 2025-08-11 23:59:00
    [:target_position] => faculty
    [:target_department] => Faculty
    [:allowed_colleges] => CTHM
    [:allowed_courses] => BSHM,BSTM
    [:allowed_status] => Part-time
    [:allowed_departments] => 
    [:realtime_results] => 0
    [:logo_path] => uploads/logos/1754893674_prof.jpg
    [:election_id] => 159
)

Update successful for election 159
Executing with params:
Array
(
    [:title] => ll
    [:description] => lklk
    [:start_datetime] => 2025-08-12 11:11:00
    [:end_datetime] => 2025-08-12 23:11:00
    [:target_position] => non-academic
    [:target_department] => All
    [:allowed_colleges] => All
    [:allowed_courses] => All
    [:allowed_status] => Part-time
    [:allowed_departments] => SECURITY
    [:realtime_results] => 0
    [:logo_path] => 
    [:election_id] => 185
)

Update successful for election 185
Executing with params:
Array
(
    [:title] => sas
    [:description] => sas1
    [:start_datetime] => 1111-11-11 00:00:00
    [:end_datetime] => 1111-11-11 23:59:00
    [:target_position] => non-academic
    [:target_department] => All
    [:allowed_colleges] => All
    [:allowed_courses] => All
    [:allowed_status] => Part-time
    [:allowed_departments] => MAINTENANCE
    [:realtime_results] => 0
    [:logo_path] => uploads/logos/1754650119_FIRE.jpeg
    [:election_id] => 158
)

Update failed but changes detected:
Array
(
    [:election_id] => 158
)

Executing with params:
Array
(
    [:title] => sas
    [:description] => sas1
    [:start_datetime] => 1111-11-11 00:00:00
    [:end_datetime] => 1111-11-11 23:59:00
    [:target_position] => non-academic
    [:target_department] => All
    [:allowed_colleges] => All
    [:allowed_courses] => All
    [:allowed_status] => Part-time
    [:allowed_departments] => MAINTENANCE
    [:realtime_results] => 0
    [:logo_path] => uploads/logos/1754650119_FIRE.jpeg
    [:election_id] => 158
)

Update failed but changes detected:
Array
(
    [:election_id] => 158
)

Executing with params:
Array
(
    [:title] => last na
    [:description] => sasasas
    [:start_datetime] => 2025-08-12 11:11:00
    [:end_datetime] => 2025-08-12 23:11:00
    [:target_position] => student
    [:target_department] => Students
    [:allowed_colleges] => COM
    [:allowed_courses] => BLIS
    [:allowed_status] => 
    [:allowed_departments] => 
    [:realtime_results] => 0
    [:logo_path] => uploads/logos/1754915127_NESCAFE Banner.jpg
    [:election_id] => 182
)

Update successful for election 182
Executing with params:
Array
(
    [:title] => ll
    [:description] => lklk
    [:start_datetime] => 2025-08-12 11:11:00
    [:end_datetime] => 2025-08-12 23:11:00
    [:target_position] => non-academic
    [:target_department] => All
    [:allowed_colleges] => All
    [:allowed_courses] => All
    [:allowed_status] => Regular
    [:allowed_departments] => FINANCE
    [:realtime_results] => 0
    [:logo_path] => 
    [:election_id] => 185
)

Update successful for election 185
Executing with params:
Array
(
    [:title] => tryyyyyyyyyyyyy
    [:description] => sasas
    [:start_datetime] => 2025-08-11 00:00:00
    [:end_datetime] => 2025-08-11 23:59:00
    [:target_position] => faculty
    [:target_department] => Faculty
    [:allowed_colleges] => CON
    [:allowed_courses] => 
    [:allowed_status] => Part-time,Contractual
    [:allowed_departments] => 
    [:realtime_results] => 0
    [:logo_path] => uploads/logos/1754893674_prof.jpg
    [:election_id] => 159
)

Update successful for election 159
Executing with params:
Array
(
    [:title] => meow
    [:description] => sasas
    [:start_datetime] => 2025-08-11 00:00:00
    [:end_datetime] => 2025-08-11 23:59:00
    [:target_position] => faculty
    [:target_department] => Faculty
    [:allowed_colleges] => CEIT
    [:allowed_courses] => 
    [:allowed_status] => Part-time,Contractual
    [:allowed_departments] => 
    [:realtime_results] => 0
    [:logo_path] => uploads/logos/1754993189_pingwinnn.jpg
    [:election_id] => 159
)

Update successful for election 159
Executing with params:
Array
(
    [:title] => meow
    [:description] => sasas
    [:start_datetime] => 2025-08-11 00:00:00
    [:end_datetime] => 2025-08-11 23:59:00
    [:target_position] => faculty
    [:target_department] => Faculty
    [:allowed_colleges] => CVMBS
    [:allowed_courses] => 
    [:allowed_status] => Part-time,Contractual
    [:allowed_departments] => 
    [:realtime_results] => 0
    [:logo_path] => uploads/logos/1754993189_pingwinnn.jpg
    [:election_id] => 159
)

Update successful for election 159
Executing with params:
Array
(
    [:title] => okkkk
    [:description] => sasas
    [:start_datetime] => 2025-08-13 02:05:00
    [:end_datetime] => 2025-08-13 23:11:00
    [:target_position] => non-academic
    [:target_department] => All
    [:allowed_colleges] => All
    [:allowed_courses] => All
    [:allowed_status] => Part-time
    [:allowed_departments] => All
    [:realtime_results] => 0
    [:logo_path] => 
    [:election_id] => 187
)

Update successful for election 187
Executing with params:
Array
(
    [:title] => meow
    [:description] => sasas
    [:start_datetime] => 2025-08-11 00:00:00
    [:end_datetime] => 2025-08-11 23:59:00
    [:target_position] => student
    [:target_department] => Students
    [:allowed_colleges] => CVMBS
    [:allowed_courses] => BSPV
    [:allowed_status] => 
    [:allowed_departments] => 
    [:realtime_results] => 0
    [:logo_path] => uploads/logos/1754993189_pingwinnn.jpg
    [:election_id] => 159
)

Update successful for election 159
Executing with params:
Array
(
    [:title] => meow
    [:description] => sasas
    [:start_datetime] => 2025-08-11 00:00:00
    [:end_datetime] => 2025-08-11 23:59:00
    [:target_position] => non-academic
    [:target_department] => All
    [:allowed_colleges] => All
    [:allowed_courses] => All
    [:allowed_status] => Part-time
    [:allowed_departments] => All
    [:realtime_results] => 0
    [:logo_path] => uploads/logos/1754993189_pingwinnn.jpg
    [:election_id] => 159
)

Update successful for election 159
Executing with params:
Array
(
    [:title] => meow
    [:description] => sasas
    [:start_datetime] => 2025-08-11 00:00:00
    [:end_datetime] => 2025-08-11 23:59:00
    [:target_position] => faculty
    [:target_department] => Faculty
    [:allowed_colleges] => CTHM
    [:allowed_courses] => 
    [:allowed_status] => Part-time
    [:allowed_departments] => 
    [:realtime_results] => 0
    [:logo_path] => uploads/logos/1754993189_pingwinnn.jpg
    [:election_id] => 159
)

Update successful for election 159
Executing with params:
Array
(
    [:title] => last na
    [:description] => sasasas
    [:start_datetime] => 2025-08-12 11:11:00
    [:end_datetime] => 2025-08-12 23:11:00
    [:target_position] => faculty
    [:target_department] => Faculty
    [:allowed_colleges] => all
    [:allowed_courses] => 
    [:allowed_status] => Part-time
    [:allowed_departments] => 
    [:realtime_results] => 0
    [:logo_path] => uploads/logos/1754915127_NESCAFE Banner.jpg
    [:election_id] => 182
)

Update successful for election 182
Executing with params:
Array
(
    [:title] => last na
    [:description] => sasasas
    [:start_datetime] => 2025-08-12 11:11:00
    [:end_datetime] => 2025-08-12 23:11:00
    [:target_position] => faculty
    [:target_department] => Faculty
    [:allowed_colleges] => CVMBS
    [:allowed_courses] => 
    [:allowed_status] => Part-time
    [:allowed_departments] => 
    [:realtime_results] => 0
    [:logo_path] => uploads/logos/1754915127_NESCAFE Banner.jpg
    [:election_id] => 182
)

Update successful for election 182
Executing with params:
Array
(
    [:title] => okkkk
    [:description] => sasas
    [:start_datetime] => 2025-08-13 02:05:00
    [:end_datetime] => 2025-08-13 23:11:00
    [:target_position] => student
    [:target_department] => Students
    [:allowed_colleges] => CVMBS
    [:allowed_courses] => DVM
    [:allowed_status] => 
    [:allowed_departments] => 
    [:realtime_results] => 0
    [:logo_path] => 
    [:election_id] => 187
)

Update successful for election 187
Executing with params:
Array
(
    [:title] => okkkk
    [:description] => sasas
    [:start_datetime] => 2025-08-13 02:05:00
    [:end_datetime] => 2025-08-13 23:11:00
    [:target_position] => student
    [:target_department] => Students
    [:allowed_colleges] => CEIT
    [:allowed_courses] => BSECE,BSCE,BSME
    [:allowed_status] => 
    [:allowed_departments] => 
    [:realtime_results] => 0
    [:logo_path] => 
    [:election_id] => 187
)

Update successful for election 187
Executing with params:
Array
(
    [:title] => makiiii
    [:description] => kjkj
    [:start_datetime] => 2025-08-13 11:11:00
    [:end_datetime] => 2025-08-13 23:11:00
    [:target_position] => faculty
    [:target_department] => Faculty
    [:allowed_colleges] => all
    [:allowed_courses] => 
    [:allowed_status] => Part-time
    [:allowed_departments] => 
    [:realtime_results] => 0
    [:logo_path] => uploads/logos/1754995202_UMAAPOY.jpg
    [:election_id] => 188
)

Update successful for election 188
Executing with params:
Array
(
    [:title] => okkkk
    [:description] => sasas
    [:start_datetime] => 2025-08-13 02:05:00
    [:end_datetime] => 2025-08-13 23:11:00
    [:target_position] => student
    [:target_department] => Students
    [:allowed_colleges] => CEIT
    [:allowed_courses] => BSIT,BSCpE,BSECE,BSCE,BSME,BSIE
    [:allowed_status] => 
    [:allowed_departments] => 
    [:realtime_results] => 0
    [:logo_path] => 
    [:election_id] => 187
)

Update successful for election 187
Executing with params:
Array
(
    [:title] => makiiii
    [:description] => kjkj
    [:start_datetime] => 2025-08-13 11:11:00
    [:end_datetime] => 2025-08-13 23:11:00
    [:target_position] => faculty
    [:target_department] => Faculty
    [:allowed_colleges] => CVMBS
    [:allowed_courses] => 
    [:allowed_status] => Part-time
    [:allowed_departments] => 
    [:realtime_results] => 0
    [:logo_path] => uploads/logos/1754995202_UMAAPOY.jpg
    [:election_id] => 188
)

Update successful for election 188
Executing with params:
Array
(
    [:title] => meow
    [:description] => sasas
    [:start_datetime] => 2025-08-11 00:00:00
    [:end_datetime] => 2025-08-11 23:59:00
    [:target_position] => non-academic
    [:target_department] => All
    [:allowed_colleges] => All
    [:allowed_courses] => All
    [:allowed_status] => Part-time
    [:allowed_departments] => MAINTENANCE
    [:realtime_results] => 0
    [:logo_path] => uploads/logos/1754993189_pingwinnn.jpg
    [:election_id] => 159
)

Update successful for election 159
Executing with params:
Array
(
    [:title] => last na
    [:description] => sasasas
    [:start_datetime] => 2025-08-12 11:11:00
    [:end_datetime] => 2025-08-12 21:11:00
    [:target_position] => faculty
    [:target_department] => Faculty
    [:allowed_colleges] => CVMBS
    [:allowed_courses] => 
    [:allowed_status] => Part-time
    [:allowed_departments] => 
    [:realtime_results] => 0
    [:logo_path] => uploads/logos/1754915127_NESCAFE Banner.jpg
    [:election_id] => 182
)

Update successful for election 182
Executing with params:
Array
(
    [:title] => okkkk
    [:description] => sasas
    [:start_datetime] => 2025-08-13 02:05:00
    [:end_datetime] => 2025-08-13 23:11:00
    [:target_position] => student
    [:target_department] => Students
    [:allowed_colleges] => CEIT
    [:allowed_courses] => BSECE,BSIE
    [:allowed_status] => 
    [:allowed_departments] => 
    [:realtime_results] => 0
    [:logo_path] => 
    [:election_id] => 187
)

Update successful for election 187
Executing with params:
Array
(
    [:title] => wow nc
    [:description] => sasas
    [:start_datetime] => 2025-08-12 00:00:00
    [:end_datetime] => 2026-08-13 12:00:00
    [:target_position] => coop
    [:target_department] => All
    [:allowed_colleges] => All
    [:allowed_courses] => All
    [:allowed_status] => MIGS
    [:allowed_departments] => 
    [:realtime_results] => 0
    [:logo_path] => uploads/logos/1754914516_prof.jpg
    [:election_id] => 184
)

Update successful for election 184
Executing with params:
Array
(
    [:title] => wow nc
    [:description] => sasas
    [:start_datetime] => 2025-08-12 00:00:00
    [:end_datetime] => 2026-08-13 12:00:00
    [:target_position] => non-academic
    [:target_department] => All
    [:allowed_colleges] => All
    [:allowed_courses] => All
    [:allowed_status] => All
    [:allowed_departments] => All
    [:realtime_results] => 0
    [:logo_path] => uploads/logos/1754914516_prof.jpg
    [:election_id] => 184
)

Update successful for election 184
Executing with params:
Array
(
    [:title] => meow
    [:description] => sasas
    [:start_datetime] => 2025-08-11 00:00:00
    [:end_datetime] => 2025-08-11 12:59:00
    [:target_position] => non-academic
    [:target_department] => All
    [:allowed_colleges] => All
    [:allowed_courses] => All
    [:allowed_status] => Part-time
    [:allowed_departments] => MAINTENANCE
    [:realtime_results] => 0
    [:logo_path] => uploads/logos/1754993189_pingwinnn.jpg
    [:election_id] => 159
)

Update successful for election 159
Executing with params:
Array
(
    [:title] => okkkk
    [:description] => sasas
    [:start_datetime] => 2025-08-15 02:05:00
    [:end_datetime] => 2025-08-15 23:11:00
    [:target_position] => student
    [:target_department] => Students
    [:allowed_colleges] => CEIT
    [:allowed_courses] => BSECE,BSIE
    [:allowed_status] => 
    [:allowed_departments] => 
    [:realtime_results] => 0
    [:logo_path] => 
    [:election_id] => 187
)

Update successful for election 187
Executing with params:
Array
(
    [:title] => okkkk
    [:description] => sasas
    [:start_datetime] => 2025-08-14 02:05:00
    [:end_datetime] => 2025-08-14 23:11:00
    [:target_position] => student
    [:target_department] => Students
    [:allowed_colleges] => CEIT
    [:allowed_courses] => BSECE,BSIE
    [:allowed_status] => 
    [:allowed_departments] => 
    [:realtime_results] => 0
    [:logo_path] => 
    [:election_id] => 187
)

Update successful for election 187
Executing with params:
Array
(
    [:title] => okkkk
    [:description] => sasas
    [:start_datetime] => 2025-08-14 02:05:00
    [:end_datetime] => 2025-08-14 23:11:00
    [:target_position] => student
    [:target_department] => Students
    [:allowed_colleges] => CEIT
    [:allowed_courses] => BSIT
    [:allowed_status] => 
    [:allowed_departments] => 
    [:realtime_results] => 0
    [:logo_path] => 
    [:election_id] => 187
)

Update successful for election 187
Executing with params:
Array
(
    [:title] => okkkk
    [:description] => sasas
    [:start_datetime] => 2025-08-14 02:05:00
    [:end_datetime] => 2025-08-14 23:11:00
    [:target_position] => student
    [:target_department] => Students
    [:allowed_colleges] => CEIT
    [:allowed_courses] => BSIT
    [:allowed_status] => 
    [:allowed_departments] => 
    [:realtime_results] => 0
    [:logo_path] => uploads/logos/1755158000_prof.jpg
    [:election_id] => 187
)

Update successful for election 187
Executing with params:
Array
(
    [:title] => okkkk
    [:description] => sasas
    [:start_datetime] => 2025-08-14 02:05:00
    [:end_datetime] => 2025-08-14 23:11:00
    [:target_position] => faculty
    [:target_department] => Faculty
    [:allowed_colleges] => all
    [:allowed_courses] => 
    [:allowed_status] => Regular
    [:allowed_departments] => 
    [:realtime_results] => 0
    [:logo_path] => uploads/logos/1755158000_prof.jpg
    [:election_id] => 187
)

Update successful for election 187
Executing with params:
Array
(
    [:title] => makiiii
    [:description] => kjkj
    [:start_datetime] => 2025-08-13 11:11:00
    [:end_datetime] => 2025-08-13 23:11:00
    [:target_position] => student
    [:target_department] => Students
    [:allowed_colleges] => CEIT
    [:allowed_courses] => BSCS,BSIT,BSCpE,BSECE,BSCE,BSME,BSEE,BSIE,BSArch
    [:allowed_status] => 
    [:allowed_departments] => 
    [:realtime_results] => 0
    [:logo_path] => uploads/logos/1754995202_UMAAPOY.jpg
    [:election_id] => 188
)

Update successful for election 188
Executing with params:
Array
(
    [:title] => makiiii
    [:description] => kjkj
    [:start_datetime] => 2025-08-13 11:11:00
    [:end_datetime] => 2025-08-13 23:11:00
    [:target_position] => student
    [:target_department] => Students
    [:allowed_colleges] => CEIT
    [:allowed_courses] => BSCS,BSIT,BSCpE,BSECE,BSCE,BSME,BSEE,BSIE,BSArch
    [:allowed_status] => 
    [:allowed_departments] => 
    [:realtime_results] => 0
    [:logo_path] => uploads/logos/1755158671_NESCAFE Banner.jpg
    [:election_id] => 188
)

Update successful for election 188
Executing with params:
Array
(
    [:title] => makiiii
    [:description] => kjkj
    [:start_datetime] => 2025-08-13 11:11:00
    [:end_datetime] => 2025-08-13 23:11:00
    [:target_position] => student
    [:target_department] => Students
    [:allowed_colleges] => CEIT
    [:allowed_courses] => BSECE
    [:allowed_status] => 
    [:allowed_departments] => 
    [:realtime_results] => 0
    [:logo_path] => uploads/logos/1755158671_NESCAFE Banner.jpg
    [:election_id] => 188
)

Update successful for election 188
Executing with params:
Array
(
    [:title] => makiiii
    [:description] => kjkj
    [:start_datetime] => 2025-08-13 11:11:00
    [:end_datetime] => 2025-08-13 23:11:00
    [:target_position] => student
    [:target_department] => Students
    [:allowed_colleges] => CEIT
    [:allowed_courses] => BSCS,BSIT,BSCpE,BSECE,BSCE,BSME,BSEE,BSIE,BSArch
    [:allowed_status] => 
    [:allowed_departments] => 
    [:realtime_results] => 0
    [:logo_path] => uploads/logos/1755158671_NESCAFE Banner.jpg
    [:election_id] => 188
)

Update successful for election 188
Executing with params:
Array
(
    [:title] => okkkk
    [:description] => sasas
    [:start_datetime] => 2025-08-14 02:05:00
    [:end_datetime] => 2025-08-14 23:11:00
    [:target_position] => student
    [:target_department] => Students
    [:allowed_colleges] => CEIT
    [:allowed_courses] => BSCS,BSIT,BSCpE,BSECE,BSCE,BSME,BSEE,BSIE,BSArch
    [:allowed_status] => 
    [:allowed_departments] => 
    [:realtime_results] => 0
    [:logo_path] => uploads/logos/1755158000_prof.jpg
    [:election_id] => 187
)

Update successful for election 187
Executing with params:
Array
(
    [:title] => okkkk
    [:description] => sasas
    [:start_datetime] => 2025-08-14 02:05:00
    [:end_datetime] => 2025-08-14 23:11:00
    [:target_position] => faculty
    [:target_department] => Faculty
    [:allowed_colleges] => all
    [:allowed_courses] => 
    [:allowed_status] => Contractual
    [:allowed_departments] => 
    [:realtime_results] => 0
    [:logo_path] => uploads/logos/1755158000_prof.jpg
    [:election_id] => 187
)

Update successful for election 187
Executing with params:
Array
(
    [:title] => makiiii
    [:description] => kjkj
    [:start_datetime] => 2025-08-13 11:11:00
    [:end_datetime] => 2025-08-13 23:11:00
    [:target_position] => student
    [:target_department] => Students
    [:allowed_colleges] => CEIT
    [:allowed_courses] => BSIT
    [:allowed_status] => 
    [:allowed_departments] => 
    [:realtime_results] => 0
    [:logo_path] => uploads/logos/1755158671_NESCAFE Banner.jpg
    [:election_id] => 188
)

Update successful for election 188
Executing with params:
Array
(
    [:title] => okkkk
    [:description] => sasas
    [:start_datetime] => 2025-08-25 02:05:00
    [:end_datetime] => 2025-08-29 23:11:00
    [:target_position] => faculty
    [:target_department] => Faculty
    [:allowed_colleges] => all
    [:allowed_courses] => 
    [:allowed_status] => Contractual
    [:allowed_departments] => 
    [:realtime_results] => 0
    [:logo_path] => uploads/logos/1755158000_prof.jpg
    [:election_id] => 187
)

Update successful for election 187
Executing with params:
Array
(
    [:title] => okkkk
    [:description] => sasas
    [:start_datetime] => 2025-08-25 02:05:00
    [:end_datetime] => 2025-08-29 23:11:00
    [:target_position] => student
    [:target_department] => Students
    [:allowed_colleges] => CAFENR
    [:allowed_courses] => BSAgri,BSAB,BSES,BSFT,BSFor,BSABE,BAE,BSLDM
    [:allowed_status] => 
    [:allowed_departments] => 
    [:realtime_results] => 0
    [:logo_path] => uploads/logos/1755158000_prof.jpg
    [:election_id] => 187
)

Update successful for election 187
Executing with params:
Array
(
    [:title] => okkkk
    [:description] => sasas
    [:start_datetime] => 2025-08-25 02:05:00
    [:end_datetime] => 2025-08-29 23:11:00
    [:target_position] => student
    [:target_department] => Students
    [:allowed_colleges] => CEIT
    [:allowed_courses] => BSCS,BSIT,BSCpE,BSECE,BSCE,BSME,BSEE,BSIE,BSArch
    [:allowed_status] => 
    [:allowed_departments] => 
    [:realtime_results] => 0
    [:logo_path] => uploads/logos/1755158000_prof.jpg
    [:election_id] => 187
)

Update successful for election 187
Executing with params:
Array
(
    [:title] => okkkk
    [:description] => sasas
    [:start_datetime] => 2025-08-25 02:05:00
    [:end_datetime] => 2025-08-29 23:11:00
    [:target_position] => student
    [:target_department] => Students
    [:allowed_colleges] => all
    [:allowed_courses] => BSCS,BSECE,BSME,BSEE
    [:allowed_status] => 
    [:allowed_departments] => 
    [:realtime_results] => 0
    [:logo_path] => uploads/logos/1755158000_prof.jpg
    [:election_id] => 187
)

Update successful for election 187
